  FaceDetector.cpp
C:\Users\dhiro\source\repos\TrialStuff\OpenCV_Trials\OpenCV_Trials\FaceDetector.cpp(97,17): warning C4244: 'initializing': conversion from 'unsigned __int64' to 'double', possible loss of data
C:\Program Files (x86)\Microsoft Visual Studio\2019\Community\VC\Tools\MSVC\14.25.28610\include\numeric(35,26): warning C4244: '=': conversion from 'double' to '_Ty', possible loss of data
          with
          [
              _Ty=int
          ]
C:\Program Files (x86)\Microsoft Visual Studio\2019\Community\VC\Tools\MSVC\14.25.28610\include\numeric(44): message : see reference to function template instantiation '_Ty std::accumulate<_InIt,_Ty,std::plus<void>>(const _InIt,const _InIt,_Ty,_Fn)' being compiled
          with
          [
              _Ty=int,
              _InIt=std::_Vector_iterator<std::_Vector_val<std::_Simple_types<double>>>,
              _Fn=std::plus<void>
          ]
C:\Users\dhiro\source\repos\TrialStuff\OpenCV_Trials\OpenCV_Trials\FaceDetector.cpp(97): message : see reference to function template instantiation '_Ty std::accumulate<std::_Vector_iterator<std::_Vector_val<std::_Simple_types<double>>>,int>(const _InIt,const _InIt,_Ty)' being compiled
          with
          [
              _Ty=int,
              _InIt=std::_Vector_iterator<std::_Vector_val<std::_Simple_types<double>>>
          ]
  OpenCV_Trials.vcxproj -> C:\Users\dhiro\source\repos\TrialStuff\OpenCV_Trials\x64\Debug\OpenCV_Trials.exe
